Accessing post.php at 2025-04-10 15:55:43 with session user: nojan
Accessing post.php at 2025-04-10 15:55:43 with session user: nojan
Accessing index.php at 2025-04-10 15:55:52 with session user: none
Accessing post.php at 2025-04-10 15:56:03 with session user: kelvin
Accessing post.php at 2025-04-10 15:56:03 with session user: kelvin
Accessing post.php at 2025-04-10 15:56:16 with session user: kelvin
Accessing post.php at 2025-04-10 15:56:16 with session user: kelvin
Accessing post.php at 2025-04-10 15:56:38 with session user: kelvin
Accessing post.php at 2025-04-10 15:56:58 with session user: nojan
Accessing post.php at 2025-04-10 16:05:03 with session user: nojan
Accessing post.php at 2025-04-10 16:11:04 with session user: nojan
Accessing post.php at 2025-04-10 16:11:40 with session user: nojan
Accessing post.php at 2025-04-10 16:12:06 with session user: nojan
Accessing post.php at 2025-04-10 16:12:18 with session user: nojan
Accessing post.php at 2025-04-10 16:12:28 with session user: nojan
Accessing post.php at 2025-04-10 16:12:30 with session user: nojan
Accessing post.php at 2025-04-10 16:12:34 with session user: nojan
Accessing post.php at 2025-04-10 16:12:40 with session user: nojan
Accessing post.php at 2025-04-10 16:12:58 with session user: nojan
Accessing post.php at 2025-04-10 16:13:04 with session user: nojan
Accessing post.php at 2025-04-10 16:14:31 with session user: nojan
Accessing post.php at 2025-04-10 16:15:47 with session user: Mr.Grumpy
Accessing post.php at 2025-04-10 16:25:12 with session user: Mr.Grumpy
Accessing post.php at 2025-04-10 16:28:39 with session user: Mr.Grumpy
Accessing post.php at 2025-04-10 16:30:37 with session user: Mr.Grumpy
Accessing post.php at 2025-04-10 16:31:18 with session user: Mr.Grumpy
Accessing post.php at 2025-04-10 16:31:49 with session user: Mr.Grumpy
Accessing post.php at 2025-04-10 16:31:59 with session user: Mr.Grumpy
Accessing post.php at 2025-04-10 16:32:48 with session user: Mr.Grumpy
Accessing post.php at 2025-04-10 16:33:06 with session user: Mr.Grumpy
Accessing post.php at 2025-04-10 16:33:29 with session user: Mr.Grumpy
Accessing post.php at 2025-04-10 16:33:45 with session user: Mr.Grumpy
Accessing post.php at 2025-04-10 16:34:00 with session user: Mr.Grumpy
Accessing post.php at 2025-04-10 16:34:12 with session user: Mr.Grumpy
Accessing post.php at 2025-04-10 16:34:20 with session user: Mr.Grumpy
Accessing post.php at 2025-04-10 16:34:26 with session user: Mr.Grumpy
Accessing post.php at 2025-04-10 16:34:32 with session user: Mr.Grumpy
Accessing post.php at 2025-04-10 16:34:39 with session user: Mr.Grumpy
Accessing post.php at 2025-04-10 16:35:43 with session user: Mr.Grumpy
Accessing post.php at 2025-04-10 16:36:38 with session user: Mr.Grumpy
Accessing post.php at 2025-04-10 16:37:19 with session user: Mr.Grumpy
Accessing post.php at 2025-04-10 16:37:28 with session user: Mr.Grumpy
Accessing post.php at 2025-04-10 16:39:05 with session user: Mr.Grumpy
Accessing post.php at 2025-04-10 16:39:11 with session user: Mr.Grumpy
Accessing post.php at 2025-04-10 16:39:44 with session user: nojan
Accessing post.php at 2025-04-10 16:39:49 with session user: nojan
Accessing post.php at 2025-04-10 16:40:01 with session user: nojan
Accessing post.php at 2025-04-10 16:40:44 with session user: nojan
Accessing post.php at 2025-04-10 16:40:54 with session user: nojan
Accessing post.php at 2025-04-10 16:41:02 with session user: nojan
Accessing post.php at 2025-04-10 17:16:29 with session user: nojan
Accessing post.php at 2025-04-10 17:24:47 with session user: kelvin
Accessing post.php at 2025-04-10 17:24:53 with session user: kelvin
Accessing post.php at 2025-04-10 17:25:49 with session user: kelvin
Accessing post.php at 2025-04-10 17:26:17 with session user: kelvin
Accessing post.php at 2025-04-10 17:31:59 with session user: kelvin
Accessing post.php at 2025-04-10 19:55:41 with session user: nojan
Accessing post.php at 2025-04-10 20:07:28 with session user: nojan
Accessing post.php at 2025-04-10 20:08:04 with session user: nojan
Accessing post.php at 2025-04-10 20:08:28 with session user: nojan
Accessing post.php at 2025-04-10 20:09:17 with session user: nojan
Accessing post.php at 2025-04-10 20:09:27 with session user: nojan
Accessing post.php at 2025-04-10 20:09:55 with session user: nojan
Accessing post.php at 2025-04-10 20:10:04 with session user: nojan
Accessing post.php at 2025-04-10 20:10:12 with session user: nojan
Accessing post.php at 2025-04-10 20:10:18 with session user: nojan
Accessing post.php at 2025-04-10 20:10:25 with session user: nojan
Accessing post.php at 2025-04-10 20:10:29 with session user: nojan
Accessing post.php at 2025-04-10 20:10:51 with session user: nojan
Accessing post.php at 2025-04-10 20:10:56 with session user: nojan
Accessing post.php at 2025-04-10 20:11:09 with session user: nojan
Accessing post.php at 2025-04-10 20:11:28 with session user: nojan
Accessing post.php at 2025-04-10 20:11:37 with session user: nojan
Accessing post.php at 2025-04-10 20:12:01 with session user: nojan
Accessing post.php at 2025-04-10 20:12:16 with session user: nojan
Accessing post.php at 2025-04-10 20:12:22 with session user: nojan
Accessing post.php at 2025-04-10 20:12:44 with session user: nojan
Accessing post.php at 2025-04-10 20:12:50 with session user: nojan
Accessing post.php at 2025-04-10 20:12:56 with session user: nojan
Accessing post.php at 2025-04-10 20:13:01 with session user: nojan
Accessing post.php at 2025-04-10 20:13:06 with session user: nojan
Accessing post.php at 2025-04-10 20:13:11 with session user: nojan
Accessing post.php at 2025-04-10 20:13:27 with session user: nojan
Accessing post.php at 2025-04-10 20:13:46 with session user: nojan
Accessing post.php at 2025-04-10 20:14:10 with session user: nojan
Accessing post.php at 2025-04-10 20:23:22 with session user: nojan
Accessing post.php at 2025-04-10 20:24:25 with session user: nojan
Accessing post.php at 2025-04-10 20:24:53 with session user: nojan
Accessing post.php at 2025-04-10 20:24:57 with session user: nojan
Accessing post.php at 2025-04-10 20:25:00 with session user: nojan
Accessing post.php at 2025-04-10 20:25:01 with session user: nojan
Accessing post.php at 2025-04-10 20:27:04 with session user: nojan
Accessing post.php at 2025-04-10 20:27:23 with session user: nojan
Accessing post.php at 2025-04-10 20:27:31 with session user: nojan
Accessing post.php at 2025-04-10 20:29:10 with session user: nojan
Accessing post.php at 2025-04-10 20:29:26 with session user: nojan
Accessing post.php at 2025-04-10 20:29:30 with session user: nojan
Accessing post.php at 2025-04-10 20:29:54 with session user: nojan
Accessing post.php at 2025-04-10 20:30:01 with session user: nojan
Accessing post.php at 2025-04-10 20:30:39 with session user: nojan
Accessing post.php at 2025-04-10 20:30:53 with session user: nojan
Accessing post.php at 2025-04-10 20:30:58 with session user: nojan
Accessing post.php at 2025-04-10 20:31:03 with session user: nojan
Accessing post.php at 2025-04-10 20:31:05 with session user: nojan
Accessing post.php at 2025-04-10 20:31:05 with session user: nojan
Accessing post.php at 2025-04-10 20:31:12 with session user: nojan
Accessing post.php at 2025-04-10 20:31:26 with session user: nojan
Accessing post.php at 2025-04-10 20:31:38 with session user: nojan
Accessing post.php at 2025-04-10 20:31:44 with session user: nojan
Accessing post.php at 2025-04-10 20:31:50 with session user: nojan
Accessing post.php at 2025-04-10 20:31:55 with session user: nojan
Accessing post.php at 2025-04-10 20:32:07 with session user: nojan
Accessing post.php at 2025-04-10 20:32:20 with session user: nojan
Accessing post.php at 2025-04-10 20:32:24 with session user: nojan
Accessing post.php at 2025-04-10 20:32:29 with session user: nojan
Accessing post.php at 2025-04-10 20:32:37 with session user: nojan
Accessing post.php at 2025-04-10 20:33:44 with session user: nojan
Accessing post.php at 2025-04-10 20:33:55 with session user: nojan
Accessing post.php at 2025-04-10 20:34:05 with session user: nojan
Accessing post.php at 2025-04-10 20:34:14 with session user: nojan
Accessing post.php at 2025-04-10 20:34:44 with session user: nojan
Accessing post.php at 2025-04-10 20:34:53 with session user: nojan
Accessing post.php at 2025-04-10 20:35:01 with session user: nojan
Accessing post.php at 2025-04-10 20:35:34 with session user: nojan
Accessing post.php at 2025-04-10 20:35:45 with session user: nojan
Accessing post.php at 2025-04-10 20:40:23 with session user: nojan
Accessing post.php at 2025-04-10 20:41:23 with session user: nojan
Accessing post.php at 2025-04-10 20:42:54 with session user: nojan
Accessing post.php at 2025-04-10 20:43:15 with session user: nojan
Accessing post.php at 2025-04-10 20:43:27 with session user: nojan
Accessing post.php at 2025-04-10 20:46:24 with session user: nojan
Accessing post.php at 2025-04-10 20:46:35 with session user: nojan
Accessing post.php at 2025-04-10 20:46:45 with session user: nojan
Accessing post.php at 2025-04-10 20:47:19 with session user: nojan
Accessing post.php at 2025-04-10 20:48:30 with session user: nojan
Accessing post.php at 2025-04-10 20:48:40 with session user: nojan
Accessing post.php at 2025-04-10 20:48:45 with session user: nojan
Accessing post.php at 2025-04-10 20:48:51 with session user: nojan
Accessing post.php at 2025-04-10 20:48:54 with session user: nojan
Accessing post.php at 2025-04-10 20:50:07 with session user: nojan
Accessing post.php at 2025-04-10 20:50:08 with session user: nojan
Accessing post.php at 2025-04-10 21:01:25 with session user: kelvin
Accessing post.php at 2025-04-11 07:14:49 with session user: kelvin
Accessing post.php at 2025-04-11 07:15:21 with session user: kelvin
Accessing post.php at 2025-04-11 07:15:29 with session user: kelvin
Accessing post.php at 2025-04-11 07:16:17 with session user: kelvin
Accessing post.php at 2025-04-11 07:16:42 with session user: kelvin
Accessing post.php at 2025-04-11 07:29:47 with session user: nojan
Accessing post.php at 2025-04-11 07:34:17 with session user: nojan
Accessing post.php at 2025-04-11 07:34:31 with session user: nojan
Accessing post.php at 2025-04-11 07:36:13 with session user: nojan
Accessing post.php at 2025-04-11 07:36:22 with session user: nojan
Accessing post.php at 2025-04-11 07:39:44 with session user: nojan
Accessing post.php at 2025-04-11 07:39:51 with session user: nojan
Accessing post.php at 2025-04-11 07:39:57 with session user: nojan
Accessing post.php at 2025-04-11 07:41:09 with session user: nojan
Accessing post.php at 2025-04-11 07:41:17 with session user: nojan
Accessing post.php at 2025-04-11 07:41:27 with session user: nojan
Accessing post.php at 2025-04-11 07:42:20 with session user: nojan
Accessing post.php at 2025-04-11 07:43:21 with session user: nojan
Accessing post.php at 2025-04-11 07:44:23 with session user: nojan
Accessing post.php at 2025-04-11 07:44:55 with session user: nojan
Accessing post.php at 2025-04-11 07:45:05 with session user: nojan
Accessing post.php at 2025-04-11 07:45:21 with session user: nojan
Accessing post.php at 2025-04-11 07:45:28 with session user: nojan
Accessing post.php at 2025-04-11 07:45:58 with session user: nojan
Accessing post.php at 2025-04-11 07:46:31 with session user: nojan
Accessing post.php at 2025-04-11 07:46:39 with session user: nojan
Accessing post.php at 2025-04-11 07:47:00 with session user: nojan
Accessing post.php at 2025-04-11 07:54:51 with session user: nojan
Accessing post.php at 2025-04-11 07:55:15 with session user: nojan
Accessing post.php at 2025-04-11 07:56:31 with session user: nojan
Accessing post.php at 2025-04-11 07:57:42 with session user: nojan
Accessing post.php at 2025-04-11 07:57:49 with session user: nojan
Accessing post.php at 2025-04-11 07:58:05 with session user: nojan
Accessing post.php at 2025-04-11 07:58:53 with session user: nojan
Accessing post.php at 2025-04-11 07:59:01 with session user: nojan
Accessing post.php at 2025-04-11 07:59:10 with session user: nojan
Accessing post.php at 2025-04-11 07:59:20 with session user: nojan
Accessing post.php at 2025-04-11 07:59:29 with session user: nojan
Accessing post.php at 2025-04-11 07:59:36 with session user: nojan
Accessing post.php at 2025-04-11 07:59:49 with session user: nojan
Accessing post.php at 2025-04-11 08:00:51 with session user: nojan
Accessing post.php at 2025-04-11 08:01:04 with session user: nojan
Accessing post.php at 2025-04-11 08:05:37 with session user: nojan
Accessing post.php at 2025-04-11 08:13:18 with session user: nojan
Accessing post.php at 2025-04-11 08:14:08 with session user: nojan
Accessing post.php at 2025-04-11 08:14:41 with session user: nojan
Accessing post.php at 2025-04-11 09:02:37 with session user: nojan
Accessing post.php at 2025-04-11 09:03:28 with session user: nojan
Accessing post.php at 2025-04-11 09:03:52 with session user: nojan
Accessing post.php at 2025-04-11 09:03:57 with session user: nojan
Accessing post.php at 2025-04-11 09:04:09 with session user: nojan
Accessing post.php at 2025-04-11 09:04:16 with session user: nojan
Accessing post.php at 2025-04-11 09:04:28 with session user: nojan
Accessing post.php at 2025-04-11 09:23:38 with session user: nojan
Accessing post.php at 2025-04-11 09:26:44 with session user: nojan
Accessing post.php at 2025-04-11 09:27:50 with session user: nojan
Accessing post.php at 2025-04-11 09:27:53 with session user: nojan
Accessing post.php at 2025-04-11 09:28:52 with session user: nojan
Accessing post.php at 2025-04-11 09:29:12 with session user: nojan
Accessing post.php at 2025-04-11 09:29:17 with session user: nojan
Accessing post.php at 2025-04-11 09:29:59 with session user: nojan
Accessing post.php at 2025-04-11 09:30:28 with session user: nojan
Accessing post.php at 2025-04-11 09:30:33 with session user: nojan
Accessing post.php at 2025-04-11 09:30:49 with session user: nojan
Accessing post.php at 2025-04-11 09:32:12 with session user: nojan
Accessing post.php at 2025-04-11 09:32:24 with session user: nojan
Accessing post.php at 2025-04-11 09:38:08 with session user: nojan
Accessing post.php at 2025-04-11 09:38:20 with session user: nojan
Accessing post.php at 2025-04-11 09:38:30 with session user: nojan
Accessing post.php at 2025-04-11 09:38:46 with session user: nojan
Accessing post.php at 2025-04-11 09:47:38 with session user: nojan
Accessing post.php at 2025-04-11 09:56:21 with session user: nojan
Accessing post.php at 2025-04-11 09:56:23 with session user: nojan
Accessing post.php at 2025-04-11 09:56:39 with session user: nojan
Accessing post.php at 2025-04-11 09:56:51 with session user: nojan
Accessing post.php at 2025-04-11 09:56:56 with session user: nojan
Accessing post.php at 2025-04-11 09:57:10 with session user: nojan
Accessing post.php at 2025-04-11 09:57:29 with session user: nojan
Accessing post.php at 2025-04-11 09:57:45 with session user: nojan
Accessing post.php at 2025-04-11 09:57:52 with session user: nojan
Accessing post.php at 2025-04-11 09:59:08 with session user: nojan
Accessing post.php at 2025-04-11 09:59:09 with session user: nojan
Accessing post.php at 2025-04-11 10:25:19 with session user: nojan
Accessing post.php at 2025-04-11 10:25:19 with session user: nojan
Accessing post.php at 2025-04-11 10:28:03 with session user: nojan
Accessing post.php at 2025-04-11 10:28:20 with session user: nojan
Accessing post.php at 2025-04-11 10:28:37 with session user: nojan
Accessing post.php at 2025-04-11 10:29:41 with session user: nojan
Accessing post.php at 2025-04-11 10:29:53 with session user: nojan
Accessing post.php at 2025-04-11 10:30:05 with session user: nojan
Accessing post.php at 2025-04-11 10:30:25 with session user: nojan
Accessing post.php at 2025-04-11 10:30:28 with session user: nojan
Accessing post.php at 2025-04-11 10:31:27 with session user: nojan
Accessing post.php at 2025-04-11 10:32:02 with session user: nojan
Accessing post.php at 2025-04-11 10:32:26 with session user: nojan
Accessing post.php at 2025-04-11 10:32:31 with session user: nojan
Accessing post.php at 2025-04-11 10:32:35 with session user: nojan
Accessing post.php at 2025-04-11 10:32:42 with session user: nojan
Accessing post.php at 2025-04-11 10:33:06 with session user: nojan
Accessing post.php at 2025-04-11 10:33:17 with session user: nojan
Accessing post.php at 2025-04-11 10:33:22 with session user: nojan
Accessing post.php at 2025-04-11 10:33:48 with session user: nojan
Accessing post.php at 2025-04-11 10:33:52 with session user: nojan
Accessing post.php at 2025-04-11 10:37:30 with session user: nojan
Accessing post.php at 2025-04-11 10:37:38 with session user: nojan
Accessing post.php at 2025-04-11 10:37:52 with session user: nojan
Accessing post.php at 2025-04-11 10:37:57 with session user: nojan
Accessing post.php at 2025-04-11 10:38:19 with session user: nojan
Accessing post.php at 2025-04-11 10:38:33 with session user: nojan
Accessing post.php at 2025-04-11 10:38:39 with session user: nojan
Accessing post.php at 2025-04-11 10:38:48 with session user: nojan
Accessing post.php at 2025-04-11 10:39:19 with session user: nojan
Accessing post.php at 2025-04-11 10:39:48 with session user: nojan
Accessing post.php at 2025-04-11 10:40:21 with session user: nojan
Accessing post.php at 2025-04-11 10:40:28 with session user: nojan
Accessing post.php at 2025-04-11 10:40:55 with session user: nojan
Accessing post.php at 2025-04-11 10:41:59 with session user: nojan
Accessing post.php at 2025-04-11 10:42:18 with session user: nojan
Accessing post.php at 2025-04-11 10:43:09 with session user: nojan
Accessing post.php at 2025-04-11 10:44:02 with session user: nojan
Accessing post.php at 2025-04-11 10:44:24 with session user: nojan
Accessing post.php at 2025-04-11 10:44:25 with session user: nojan
Accessing post.php at 2025-04-11 10:44:35 with session user: nojan
Accessing post.php at 2025-04-11 10:44:46 with session user: nojan
Accessing post.php at 2025-04-11 10:44:57 with session user: nojan
Accessing post.php at 2025-04-11 10:45:01 with session user: nojan
Accessing post.php at 2025-04-11 10:45:07 with session user: nojan
Accessing post.php at 2025-04-11 10:45:16 with session user: nojan
Accessing post.php at 2025-04-11 10:45:25 with session user: nojan
Accessing post.php at 2025-04-11 10:45:49 with session user: nojan
Accessing post.php at 2025-04-11 10:46:02 with session user: nojan
Accessing post.php at 2025-04-11 10:46:42 with session user: nojan
Accessing post.php at 2025-04-11 10:47:01 with session user: nojan
Accessing post.php at 2025-04-11 10:47:22 with session user: nojan
Accessing post.php at 2025-04-11 10:47:24 with session user: nojan
Accessing post.php at 2025-04-11 10:48:00 with session user: nojan
Accessing post.php at 2025-04-11 10:48:10 with session user: nojan
Accessing post.php at 2025-04-11 10:48:51 with session user: nojan
Accessing post.php at 2025-04-11 10:48:55 with session user: nojan
Accessing post.php at 2025-04-11 10:49:01 with session user: nojan
Accessing post.php at 2025-04-11 10:49:03 with session user: nojan
Accessing post.php at 2025-04-11 10:49:03 with session user: nojan
Accessing post.php at 2025-04-11 10:49:05 with session user: nojan
Accessing post.php at 2025-04-11 10:49:14 with session user: nojan
Accessing post.php at 2025-04-11 10:49:37 with session user: nojan
Accessing post.php at 2025-04-11 10:49:58 with session user: nojan
Accessing post.php at 2025-04-11 10:50:39 with session user: nojan
Accessing post.php at 2025-04-11 10:50:50 with session user: nojan
Accessing post.php at 2025-04-11 10:51:22 with session user: nojan
Accessing post.php at 2025-04-11 10:52:02 with session user: nojan
Accessing post.php at 2025-04-11 10:52:11 with session user: nojan
Accessing post.php at 2025-04-11 10:52:15 with session user: nojan
Accessing post.php at 2025-04-11 10:52:22 with session user: nojan
Accessing post.php at 2025-04-11 10:53:07 with session user: nojan
Accessing post.php at 2025-04-11 10:53:14 with session user: nojan
Accessing post.php at 2025-04-11 10:53:56 with session user: nojan
Accessing post.php at 2025-04-11 10:55:22 with session user: nojan
Accessing post.php at 2025-04-11 10:56:12 with session user: nojan
Accessing post.php at 2025-04-11 10:57:28 with session user: nojan
Accessing post.php at 2025-04-11 10:59:13 with session user: nojan
Accessing post.php at 2025-04-11 10:59:24 with session user: nojan
Accessing post.php at 2025-04-11 10:59:38 with session user: nojan
Accessing post.php at 2025-04-11 10:59:43 with session user: nojan
Accessing post.php at 2025-04-11 10:59:52 with session user: nojan
Accessing post.php at 2025-04-11 10:59:57 with session user: nojan
Accessing post.php at 2025-04-11 11:00:03 with session user: nojan
Accessing post.php at 2025-04-11 11:00:17 with session user: nojan
Accessing post.php at 2025-04-11 11:00:53 with session user: nojan
Accessing post.php at 2025-04-11 11:01:08 with session user: nojan
Accessing post.php at 2025-04-11 11:01:18 with session user: nojan
Accessing post.php at 2025-04-11 11:01:22 with session user: nojan
Accessing post.php at 2025-04-11 11:01:27 with session user: nojan
Accessing post.php at 2025-04-11 11:01:35 with session user: nojan
Accessing post.php at 2025-04-11 11:01:49 with session user: nojan
Accessing post.php at 2025-04-11 11:01:57 with session user: nojan
Accessing post.php at 2025-04-11 11:02:05 with session user: nojan
Accessing post.php at 2025-04-11 11:02:08 with session user: nojan
Accessing post.php at 2025-04-11 11:03:40 with session user: nojan
Accessing post.php at 2025-04-11 11:04:13 with session user: nojan
Accessing post.php at 2025-04-11 11:04:40 with session user: nojan
Accessing post.php at 2025-04-11 11:05:22 with session user: nojan
Accessing post.php at 2025-04-11 11:05:29 with session user: nojan
Accessing post.php at 2025-04-11 11:05:39 with session user: nojan
Accessing post.php at 2025-04-11 11:05:50 with session user: nojan
Accessing post.php at 2025-04-11 11:06:06 with session user: nojan
Accessing post.php at 2025-04-11 11:06:14 with session user: nojan
Accessing post.php at 2025-04-11 11:06:18 with session user: nojan
Accessing post.php at 2025-04-11 11:07:11 with session user: nojan
Accessing post.php at 2025-04-11 11:09:53 with session user: nojan
Accessing post.php at 2025-04-11 11:09:59 with session user: nojan
Accessing post.php at 2025-04-11 11:10:03 with session user: nojan
Accessing post.php at 2025-04-11 11:10:07 with session user: nojan
Accessing post.php at 2025-04-11 11:10:18 with session user: nojan
Accessing post.php at 2025-04-11 11:10:19 with session user: nojan
Accessing post.php at 2025-04-11 11:10:19 with session user: nojan
Accessing post.php at 2025-04-11 11:10:36 with session user: nojan
Accessing post.php at 2025-04-11 11:10:46 with session user: nojan
Accessing post.php at 2025-04-11 11:10:58 with session user: nojan
Accessing post.php at 2025-04-11 11:11:07 with session user: nojan
Accessing post.php at 2025-04-11 11:11:13 with session user: nojan
Accessing post.php at 2025-04-11 11:11:13 with session user: nojan
Accessing post.php at 2025-04-11 11:11:39 with session user: nojan
Accessing post.php at 2025-04-11 11:11:49 with session user: nojan
Accessing post.php at 2025-04-11 11:11:58 with session user: nojan
Accessing post.php at 2025-04-11 11:12:51 with session user: nojan
Accessing post.php at 2025-04-11 11:12:56 with session user: nojan
Accessing post.php at 2025-04-11 11:13:06 with session user: nojan
Accessing post.php at 2025-04-11 11:13:12 with session user: nojan
Accessing post.php at 2025-04-11 11:13:19 with session user: nojan
Accessing post.php at 2025-04-11 11:13:23 with session user: nojan
Accessing post.php at 2025-04-11 11:13:30 with session user: nojan
Accessing post.php at 2025-04-11 11:13:34 with session user: nojan
Accessing post.php at 2025-04-11 11:13:45 with session user: nojan
Accessing post.php at 2025-04-11 11:13:57 with session user: nojan
Accessing post.php at 2025-04-11 11:14:06 with session user: nojan
Accessing post.php at 2025-04-11 11:14:10 with session user: nojan
Accessing post.php at 2025-04-11 11:14:20 with session user: nojan
Accessing post.php at 2025-04-11 11:14:28 with session user: nojan
Accessing post.php at 2025-04-11 11:14:35 with session user: nojan
Accessing post.php at 2025-04-11 11:14:39 with session user: nojan
Accessing post.php at 2025-04-11 11:14:42 with session user: nojan
Accessing post.php at 2025-04-11 11:14:50 with session user: nojan
Accessing post.php at 2025-04-11 11:14:54 with session user: nojan
Accessing post.php at 2025-04-11 11:15:08 with session user: nojan
Accessing post.php at 2025-04-11 11:15:16 with session user: nojan
Accessing post.php at 2025-04-11 11:15:21 with session user: nojan
Accessing post.php at 2025-04-11 11:15:28 with session user: nojan
Accessing post.php at 2025-04-11 11:15:34 with session user: nojan
Accessing post.php at 2025-04-11 11:15:37 with session user: nojan
Accessing post.php at 2025-04-11 11:15:42 with session user: nojan
Accessing post.php at 2025-04-11 11:15:57 with session user: nojan
Accessing post.php at 2025-04-11 11:16:14 with session user: nojan
Accessing post.php at 2025-04-11 11:16:18 with session user: nojan
Accessing post.php at 2025-04-11 11:16:25 with session user: nojan
Accessing post.php at 2025-04-11 11:16:30 with session user: nojan
Accessing post.php at 2025-04-11 11:16:35 with session user: nojan
Accessing post.php at 2025-04-11 11:16:40 with session user: nojan
Accessing post.php at 2025-04-11 11:16:45 with session user: nojan
Accessing post.php at 2025-04-11 11:16:49 with session user: nojan
Accessing post.php at 2025-04-11 11:17:00 with session user: nojan
Accessing post.php at 2025-04-11 11:17:04 with session user: nojan
Accessing post.php at 2025-04-11 11:17:09 with session user: nojan
Accessing post.php at 2025-04-11 11:17:16 with session user: nojan
Accessing post.php at 2025-04-11 11:17:22 with session user: nojan
Accessing post.php at 2025-04-11 11:17:26 with session user: nojan
Accessing post.php at 2025-04-11 11:17:29 with session user: nojan
Accessing post.php at 2025-04-11 11:17:33 with session user: nojan
Accessing post.php at 2025-04-11 11:17:36 with session user: nojan
Accessing post.php at 2025-04-11 11:17:39 with session user: nojan
Accessing post.php at 2025-04-11 11:17:45 with session user: nojan
Accessing post.php at 2025-04-11 11:17:48 with session user: nojan
Accessing post.php at 2025-04-11 11:18:07 with session user: nojan
Accessing post.php at 2025-04-11 11:18:16 with session user: nojan
Accessing post.php at 2025-04-11 11:18:45 with session user: nojan
Accessing post.php at 2025-04-11 11:18:56 with session user: nojan
Accessing post.php at 2025-04-11 11:19:28 with session user: nojan
Accessing post.php at 2025-04-11 11:19:37 with session user: nojan
Accessing post.php at 2025-04-11 11:46:12 with session user: nojan
Accessing post.php at 2025-04-11 11:46:17 with session user: nojan
Accessing post.php at 2025-04-11 11:46:22 with session user: nojan
Accessing post.php at 2025-04-11 11:46:31 with session user: nojan
Accessing post.php at 2025-04-11 11:48:05 with session user: nojan
Accessing post.php at 2025-04-11 11:49:14 with session user: nojan
Accessing post.php at 2025-04-11 11:49:25 with session user: nojan
Accessing post.php at 2025-04-11 11:50:17 with session user: nojan
Accessing post.php at 2025-04-11 11:50:58 with session user: nojan
Accessing post.php at 2025-04-11 11:51:31 with session user: nojan
Accessing post.php at 2025-04-11 11:51:40 with session user: nojan
Accessing post.php at 2025-04-11 11:55:42 with session user: nojan
Accessing post.php at 2025-04-11 12:04:09 with session user: nojan
Accessing post.php at 2025-04-11 12:04:09 with session user: nojan
Accessing post.php at 2025-04-11 12:04:33 with session user: nojan
Accessing post.php at 2025-04-11 12:04:54 with session user: nojan
Accessing post.php at 2025-04-11 12:05:00 with session user: nojan
Accessing post.php at 2025-04-11 12:05:16 with session user: nojan
Accessing post.php at 2025-04-11 12:05:24 with session user: nojan
Accessing post.php at 2025-04-11 12:05:28 with session user: nojan
Accessing post.php at 2025-04-11 12:05:34 with session user: nojan
Accessing post.php at 2025-04-11 12:05:57 with session user: nojan
Accessing post.php at 2025-04-11 12:06:03 with session user: nojan
Accessing post.php at 2025-04-11 12:06:08 with session user: nojan
Accessing post.php at 2025-04-11 12:06:18 with session user: nojan
Accessing post.php at 2025-04-11 12:06:23 with session user: nojan
Accessing post.php at 2025-04-11 12:06:27 with session user: nojan
Accessing post.php at 2025-04-11 12:06:32 with session user: nojan
Accessing post.php at 2025-04-11 12:06:47 with session user: nojan
Accessing post.php at 2025-04-11 12:06:51 with session user: nojan
Accessing post.php at 2025-04-11 12:06:57 with session user: nojan
Accessing post.php at 2025-04-11 12:07:06 with session user: nojan
Accessing post.php at 2025-04-11 12:07:13 with session user: nojan
Accessing post.php at 2025-04-11 12:07:24 with session user: nojan
Accessing post.php at 2025-04-11 12:07:37 with session user: nojan
Accessing post.php at 2025-04-11 12:07:41 with session user: nojan
Accessing post.php at 2025-04-11 12:07:47 with session user: nojan
Accessing post.php at 2025-04-11 12:07:57 with session user: nojan
Accessing post.php at 2025-04-11 12:08:06 with session user: nojan
Accessing post.php at 2025-04-11 12:08:46 with session user: nojan
Accessing post.php at 2025-04-11 12:09:14 with session user: nojan
Accessing post.php at 2025-04-11 12:09:22 with session user: nojan
Accessing post.php at 2025-04-11 12:09:38 with session user: nojan
Accessing post.php at 2025-04-11 12:09:50 with session user: nojan
Accessing post.php at 2025-04-11 12:10:55 with session user: nojan
Accessing post.php at 2025-04-11 12:11:03 with session user: nojan
Accessing post.php at 2025-04-11 12:11:16 with session user: nojan
Accessing post.php at 2025-04-11 12:11:29 with session user: nojan
Accessing post.php at 2025-04-11 12:11:42 with session user: nojan
Accessing post.php at 2025-04-11 12:11:45 with session user: nojan
Accessing post.php at 2025-04-11 12:11:49 with session user: nojan
Accessing post.php at 2025-04-11 12:11:53 with session user: nojan
Accessing post.php at 2025-04-11 12:12:09 with session user: nojan
Accessing post.php at 2025-04-11 12:12:19 with session user: nojan
Accessing post.php at 2025-04-11 12:12:30 with session user: nojan
Accessing post.php at 2025-04-11 12:12:37 with session user: nojan
Accessing post.php at 2025-04-11 12:12:46 with session user: nojan
Accessing post.php at 2025-04-11 12:12:55 with session user: nojan
Accessing post.php at 2025-04-11 12:12:59 with session user: nojan
Accessing post.php at 2025-04-11 12:13:03 with session user: nojan
Accessing post.php at 2025-04-11 12:13:18 with session user: nojan
Accessing post.php at 2025-04-11 12:34:30 with session user: nojan
Accessing post.php at 2025-04-11 12:35:17 with session user: nojan
Accessing post.php at 2025-04-11 12:36:54 with session user: nojan
Accessing post.php at 2025-04-11 12:37:01 with session user: nojan
Accessing post.php at 2025-04-11 12:37:07 with session user: nojan
Accessing post.php at 2025-04-11 12:37:26 with session user: nojan
Accessing post.php at 2025-04-11 12:37:33 with session user: nojan
Accessing post.php at 2025-04-11 12:37:45 with session user: nojan
Accessing post.php at 2025-04-11 12:37:56 with session user: nojan
Accessing post.php at 2025-04-11 12:38:01 with session user: nojan
Accessing post.php at 2025-04-11 12:38:11 with session user: nojan
Accessing post.php at 2025-04-11 12:38:16 with session user: nojan
Accessing post.php at 2025-04-11 12:38:19 with session user: nojan
Accessing post.php at 2025-04-11 12:38:25 with session user: nojan
Accessing post.php at 2025-04-11 12:38:28 with session user: nojan
Accessing post.php at 2025-04-11 12:38:37 with session user: nojan
Accessing post.php at 2025-04-11 12:38:40 with session user: nojan
Accessing post.php at 2025-04-11 12:39:37 with session user: nojan
Accessing post.php at 2025-04-11 12:40:55 with session user: nojan
Accessing post.php at 2025-04-11 12:41:17 with session user: nojan
Accessing post.php at 2025-04-11 12:41:27 with session user: nojan
Accessing post.php at 2025-04-11 12:41:47 with session user: nojan
Accessing post.php at 2025-04-11 12:41:51 with session user: nojan
Accessing post.php at 2025-04-11 12:41:58 with session user: nojan
Accessing post.php at 2025-04-11 12:42:05 with session user: nojan
Accessing post.php at 2025-04-11 12:42:12 with session user: nojan
Accessing post.php at 2025-04-11 12:44:14 with session user: nojan
Accessing post.php at 2025-04-11 12:44:19 with session user: nojan
Accessing post.php at 2025-04-11 12:46:02 with session user: nojan
Accessing post.php at 2025-04-11 12:46:05 with session user: nojan
Accessing post.php at 2025-04-11 12:46:10 with session user: nojan
Accessing post.php at 2025-04-11 12:46:16 with session user: nojan
Accessing post.php at 2025-04-11 12:46:22 with session user: nojan
Accessing post.php at 2025-04-11 12:46:24 with session user: nojan
Accessing post.php at 2025-04-11 12:46:27 with session user: nojan
Accessing post.php at 2025-04-11 12:46:31 with session user: nojan
Accessing post.php at 2025-04-11 12:46:37 with session user: nojan
Accessing post.php at 2025-04-11 12:46:42 with session user: nojan
Accessing post.php at 2025-04-11 12:46:52 with session user: nojan
Accessing post.php at 2025-04-11 12:47:03 with session user: nojan
Accessing post.php at 2025-04-11 12:48:42 with session user: nojan
Accessing post.php at 2025-04-11 12:49:05 with session user: nojan
Accessing post.php at 2025-04-11 12:49:39 with session user: nojan
Accessing post.php at 2025-04-11 12:49:48 with session user: nojan
Accessing post.php at 2025-04-11 12:49:56 with session user: nojan
Accessing post.php at 2025-04-11 12:50:00 with session user: nojan
Accessing post.php at 2025-04-11 12:50:05 with session user: nojan
Accessing post.php at 2025-04-11 12:50:21 with session user: nojan
Accessing post.php at 2025-04-11 12:50:26 with session user: nojan
Accessing post.php at 2025-04-11 12:50:30 with session user: nojan
Accessing post.php at 2025-04-11 12:50:37 with session user: nojan
Accessing post.php at 2025-04-11 12:50:46 with session user: nojan
Accessing post.php at 2025-04-11 12:50:55 with session user: nojan
Accessing post.php at 2025-04-11 12:51:26 with session user: nojan
Accessing post.php at 2025-04-11 12:51:32 with session user: nojan
Accessing post.php at 2025-04-11 12:51:45 with session user: nojan
Accessing post.php at 2025-04-11 12:51:50 with session user: nojan
Accessing post.php at 2025-04-11 12:51:53 with session user: nojan
Accessing post.php at 2025-04-11 12:52:05 with session user: nojan
Accessing post.php at 2025-04-11 12:52:12 with session user: nojan
Accessing post.php at 2025-04-11 12:52:29 with session user: nojan
Accessing post.php at 2025-04-11 12:52:32 with session user: nojan
Accessing post.php at 2025-04-11 12:52:35 with session user: nojan
Accessing post.php at 2025-04-11 12:52:41 with session user: nojan
Accessing post.php at 2025-04-11 12:53:20 with session user: nojan
Accessing post.php at 2025-04-11 12:53:32 with session user: nojan
Accessing post.php at 2025-04-11 12:53:41 with session user: nojan
Accessing post.php at 2025-04-11 12:53:49 with session user: nojan
Accessing post.php at 2025-04-11 12:53:55 with session user: nojan
Accessing post.php at 2025-04-11 12:54:00 with session user: nojan
Accessing post.php at 2025-04-11 12:54:03 with session user: nojan
Accessing post.php at 2025-04-11 12:54:06 with session user: nojan
Accessing post.php at 2025-04-11 12:54:10 with session user: nojan
Accessing post.php at 2025-04-11 12:54:13 with session user: nojan
Accessing post.php at 2025-04-11 12:54:24 with session user: nojan
Accessing post.php at 2025-04-11 12:54:30 with session user: nojan
Accessing post.php at 2025-04-11 12:54:42 with session user: nojan
Accessing post.php at 2025-04-11 12:54:46 with session user: nojan
Accessing post.php at 2025-04-11 12:54:50 with session user: nojan
Accessing post.php at 2025-04-11 12:54:53 with session user: nojan
Accessing post.php at 2025-04-11 12:54:58 with session user: nojan
Accessing post.php at 2025-04-11 12:55:02 with session user: nojan
Accessing post.php at 2025-04-11 12:55:06 with session user: nojan
Accessing post.php at 2025-04-11 12:55:12 with session user: nojan
Accessing post.php at 2025-04-11 12:55:16 with session user: nojan
Accessing post.php at 2025-04-11 12:55:20 with session user: nojan
Accessing post.php at 2025-04-11 12:55:26 with session user: nojan
Accessing post.php at 2025-04-11 12:55:32 with session user: nojan
Accessing post.php at 2025-04-11 12:55:46 with session user: nojan
Accessing post.php at 2025-04-11 12:55:54 with session user: nojan
Accessing post.php at 2025-04-11 12:56:01 with session user: nojan
Accessing post.php at 2025-04-11 12:56:07 with session user: nojan
Accessing post.php at 2025-04-11 12:56:12 with session user: nojan
Accessing post.php at 2025-04-11 12:56:17 with session user: nojan
Accessing post.php at 2025-04-11 12:56:45 with session user: nojan
Accessing post.php at 2025-04-11 12:56:50 with session user: nojan
Accessing post.php at 2025-04-11 12:56:55 with session user: nojan
Accessing post.php at 2025-04-11 12:57:01 with session user: nojan
Accessing post.php at 2025-04-11 12:57:11 with session user: nojan
Accessing post.php at 2025-04-11 12:57:45 with session user: nojan
Accessing post.php at 2025-04-11 12:57:52 with session user: nojan
Accessing post.php at 2025-04-11 12:58:05 with session user: nojan
Accessing post.php at 2025-04-11 12:58:45 with session user: nojan
Accessing post.php at 2025-04-11 12:58:55 with session user: nojan
Accessing post.php at 2025-04-11 12:58:59 with session user: nojan
Accessing post.php at 2025-04-11 12:59:04 with session user: nojan
Accessing post.php at 2025-04-11 12:59:15 with session user: nojan
Accessing post.php at 2025-04-11 12:59:33 with session user: nojan
Accessing post.php at 2025-04-11 12:59:44 with session user: nojan
Accessing post.php at 2025-04-11 12:59:49 with session user: nojan
Accessing post.php at 2025-04-11 12:59:58 with session user: nojan
Accessing post.php at 2025-04-11 13:00:17 with session user: nojan
Accessing post.php at 2025-04-11 13:00:25 with session user: nojan
Accessing post.php at 2025-04-11 13:00:48 with session user: nojan
Accessing post.php at 2025-04-11 13:00:50 with session user: nojan
Accessing post.php at 2025-04-11 13:00:56 with session user: nojan
Accessing post.php at 2025-04-11 13:01:19 with session user: nojan
Accessing post.php at 2025-04-11 13:01:26 with session user: nojan
Accessing post.php at 2025-04-11 13:01:32 with session user: nojan
Accessing post.php at 2025-04-11 13:01:51 with session user: nojan
Accessing post.php at 2025-04-11 13:01:56 with session user: nojan
Accessing post.php at 2025-04-11 13:02:14 with session user: nojan
Accessing post.php at 2025-04-11 13:02:21 with session user: nojan
Accessing post.php at 2025-04-11 13:02:38 with session user: nojan
Accessing post.php at 2025-04-11 13:03:02 with session user: nojan
Accessing post.php at 2025-04-11 13:03:10 with session user: nojan
Accessing post.php at 2025-04-11 13:03:15 with session user: nojan
Accessing post.php at 2025-04-11 13:03:28 with session user: nojan
Accessing post.php at 2025-04-11 13:03:35 with session user: nojan
Accessing post.php at 2025-04-11 13:03:45 with session user: nojan
Accessing post.php at 2025-04-11 13:03:51 with session user: nojan
Accessing post.php at 2025-04-11 13:04:06 with session user: nojan
Accessing post.php at 2025-04-11 13:04:46 with session user: nojan
Accessing post.php at 2025-04-11 13:04:52 with session user: nojan
Accessing post.php at 2025-04-11 13:05:23 with session user: nojan
Accessing post.php at 2025-04-11 13:10:32 with session user: nojan
Accessing post.php at 2025-04-11 13:13:51 with session user: nojan
Accessing post.php at 2025-04-11 13:16:45 with session user: nojan
Accessing post.php at 2025-04-11 13:17:58 with session user: nojan
Accessing post.php at 2025-04-11 13:18:12 with session user: nojan
Accessing post.php at 2025-04-11 13:18:22 with session user: nojan
Accessing post.php at 2025-04-11 13:18:26 with session user: nojan
Accessing post.php at 2025-04-11 13:18:30 with session user: nojan
Accessing post.php at 2025-04-11 13:18:34 with session user: nojan
Accessing post.php at 2025-04-11 13:18:45 with session user: nojan
Accessing post.php at 2025-04-11 13:18:59 with session user: nojan
Accessing post.php at 2025-04-11 13:19:16 with session user: nojan
Accessing post.php at 2025-04-11 13:21:08 with session user: nojan
Accessing post.php at 2025-04-11 13:28:24 with session user: nojan
Accessing post.php at 2025-04-11 13:29:50 with session user: nojan
Accessing post.php at 2025-04-11 13:29:58 with session user: nojan
Accessing post.php at 2025-04-11 13:30:05 with session user: nojan
Accessing post.php at 2025-04-11 13:30:08 with session user: nojan
Accessing post.php at 2025-04-11 13:30:14 with session user: nojan
Accessing post.php at 2025-04-11 13:30:19 with session user: nojan
Accessing post.php at 2025-04-11 13:30:35 with session user: nojan
Accessing post.php at 2025-04-11 13:30:42 with session user: nojan
Accessing post.php at 2025-04-11 13:30:51 with session user: nojan
Accessing post.php at 2025-04-11 13:30:57 with session user: nojan
Accessing post.php at 2025-04-11 13:31:02 with session user: nojan
Accessing post.php at 2025-04-11 13:31:11 with session user: nojan
Accessing post.php at 2025-04-11 13:31:19 with session user: nojan
Accessing post.php at 2025-04-11 13:31:30 with session user: nojan
Accessing post.php at 2025-04-11 13:31:37 with session user: nojan
Accessing post.php at 2025-04-11 13:31:43 with session user: nojan
Accessing post.php at 2025-04-11 13:32:12 with session user: nojan
Accessing post.php at 2025-04-11 13:32:16 with session user: nojan
Accessing post.php at 2025-04-11 13:32:34 with session user: nojan
Accessing post.php at 2025-04-11 13:32:43 with session user: nojan
Accessing post.php at 2025-04-11 13:32:47 with session user: nojan
Accessing post.php at 2025-04-11 13:33:31 with session user: nojan
Accessing post.php at 2025-04-11 13:38:06 with session user: nojan
Accessing post.php at 2025-04-11 13:38:11 with session user: nojan
Accessing post.php at 2025-04-11 13:38:11 with session user: nojan
Accessing post.php at 2025-04-11 13:38:11 with session user: nojan
Accessing post.php at 2025-04-11 13:38:12 with session user: nojan
Accessing post.php at 2025-04-11 13:38:12 with session user: nojan
Accessing post.php at 2025-04-11 13:38:12 with session user: nojan
Accessing post.php at 2025-04-11 13:40:12 with session user: nojan
Accessing post.php at 2025-04-11 13:40:16 with session user: nojan
Accessing post.php at 2025-04-11 13:40:27 with session user: nojan
Accessing post.php at 2025-04-11 13:40:32 with session user: nojan
Accessing post.php at 2025-04-11 13:40:37 with session user: nojan
Accessing post.php at 2025-04-11 13:40:49 with session user: nojan
Accessing post.php at 2025-04-11 13:40:53 with session user: nojan
Accessing post.php at 2025-04-11 13:41:07 with session user: nojan
Accessing post.php at 2025-04-11 13:41:14 with session user: nojan
Accessing post.php at 2025-04-11 14:15:35 with session user: nojan
Accessing post.php at 2025-04-11 14:16:10 with session user: nojan
Accessing post.php at 2025-04-11 14:16:12 with session user: nojan
Accessing post.php at 2025-04-11 14:16:21 with session user: nojan
Accessing post.php at 2025-04-11 14:16:25 with session user: nojan
Accessing post.php at 2025-04-11 14:16:30 with session user: nojan
Accessing post.php at 2025-04-11 14:16:40 with session user: nojan
Accessing post.php at 2025-04-11 14:16:49 with session user: nojan
Accessing post.php at 2025-04-11 14:16:59 with session user: nojan
Accessing post.php at 2025-04-11 14:17:03 with session user: nojan
Accessing post.php at 2025-04-11 14:17:33 with session user: nojan
Accessing post.php at 2025-04-11 14:17:45 with session user: nojan
Accessing post.php at 2025-04-11 14:19:20 with session user: nojan
Accessing post.php at 2025-04-11 14:19:27 with session user: nojan
Accessing post.php at 2025-04-11 14:20:20 with session user: nojan
Accessing post.php at 2025-04-11 14:21:08 with session user: nojan
Accessing post.php at 2025-04-11 14:21:16 with session user: nojan
Accessing post.php at 2025-04-11 14:21:28 with session user: nojan
Accessing post.php at 2025-04-11 14:21:34 with session user: nojan
Accessing post.php at 2025-04-11 14:21:36 with session user: nojan
Accessing post.php at 2025-04-11 14:21:36 with session user: nojan
Accessing post.php at 2025-04-11 14:21:41 with session user: nojan
Accessing post.php at 2025-04-11 14:21:53 with session user: nojan
Accessing post.php at 2025-04-11 14:22:03 with session user: nojan
Accessing post.php at 2025-04-11 14:22:11 with session user: nojan
Accessing post.php at 2025-04-11 14:22:17 with session user: nojan
Accessing post.php at 2025-04-11 14:22:52 with session user: nojan
Accessing post.php at 2025-04-11 14:22:58 with session user: nojan
Accessing post.php at 2025-04-11 14:23:02 with session user: nojan
Accessing post.php at 2025-04-11 14:23:35 with session user: nojan
Accessing post.php at 2025-04-11 14:23:41 with session user: nojan
Accessing post.php at 2025-04-11 14:23:47 with session user: nojan
Accessing post.php at 2025-04-11 14:23:55 with session user: nojan
Accessing post.php at 2025-04-11 14:24:16 with session user: nojan
Accessing post.php at 2025-04-11 14:25:21 with session user: nojan
Accessing post.php at 2025-04-11 14:25:32 with session user: nojan
Accessing post.php at 2025-04-11 14:25:34 with session user: nojan
Accessing post.php at 2025-04-11 14:25:34 with session user: nojan
Accessing post.php at 2025-04-11 14:25:39 with session user: nojan
Accessing post.php at 2025-04-11 14:25:45 with session user: nojan
Accessing post.php at 2025-04-11 14:25:54 with session user: nojan
Accessing post.php at 2025-04-11 14:26:18 with session user: nojan
Accessing post.php at 2025-04-11 14:27:52 with session user: nojan
Accessing post.php at 2025-04-11 14:27:57 with session user: nojan
Accessing post.php at 2025-04-11 14:28:02 with session user: nojan
Accessing post.php at 2025-04-11 14:28:05 with session user: nojan
Accessing post.php at 2025-04-11 14:32:09 with session user: nojan
Accessing post.php at 2025-04-11 14:32:15 with session user: nojan
Accessing post.php at 2025-04-11 14:32:42 with session user: nojan
Accessing post.php at 2025-04-11 14:33:57 with session user: nojan
Accessing post.php at 2025-04-11 14:34:03 with session user: nojan
Accessing post.php at 2025-04-11 14:34:08 with session user: nojan
Accessing post.php at 2025-04-11 14:34:21 with session user: nojan
Accessing post.php at 2025-04-11 14:34:35 with session user: nojan
Accessing post.php at 2025-04-11 14:34:39 with session user: nojan
Accessing post.php at 2025-04-11 14:35:16 with session user: nojan
Accessing post.php at 2025-04-11 14:35:28 with session user: nojan
Accessing post.php at 2025-04-11 14:36:15 with session user: nojan
Accessing post.php at 2025-04-11 14:36:34 with session user: nojan
Accessing post.php at 2025-04-11 14:36:51 with session user: nojan
Accessing post.php at 2025-04-11 14:36:58 with session user: nojan
Accessing post.php at 2025-04-11 14:37:22 with session user: nojan
Accessing post.php at 2025-04-11 14:37:28 with session user: nojan
Accessing post.php at 2025-04-11 14:38:06 with session user: nojan
Accessing post.php at 2025-04-11 14:38:38 with session user: nojan
Accessing post.php at 2025-04-11 14:39:06 with session user: nojan
Accessing post.php at 2025-04-11 14:39:20 with session user: nojan
Accessing post.php at 2025-04-11 14:39:32 with session user: nojan
Accessing post.php at 2025-04-11 14:40:20 with session user: nojan
Accessing post.php at 2025-04-11 14:40:38 with session user: nojan
Accessing post.php at 2025-04-11 14:40:46 with session user: nojan
Accessing post.php at 2025-04-11 14:40:50 with session user: nojan
Accessing post.php at 2025-04-11 14:40:54 with session user: nojan
Accessing post.php at 2025-04-11 14:40:59 with session user: nojan
Accessing post.php at 2025-04-11 14:41:13 with session user: nojan
Accessing post.php at 2025-04-11 14:41:54 with session user: nojan
Accessing post.php at 2025-04-11 14:42:06 with session user: nojan
Accessing post.php at 2025-04-11 14:42:11 with session user: nojan
Accessing post.php at 2025-04-11 14:44:07 with session user: nojan
Accessing post.php at 2025-04-11 14:44:34 with session user: nojan
Accessing post.php at 2025-04-11 14:45:10 with session user: nojan
Accessing post.php at 2025-04-11 14:45:28 with session user: nojan
Accessing post.php at 2025-04-11 14:46:36 with session user: nojan
Accessing post.php at 2025-04-11 14:47:19 with session user: nojan
Accessing post.php at 2025-04-11 14:48:36 with session user: nojan
Accessing post.php at 2025-04-11 14:48:51 with session user: nojan
Accessing post.php at 2025-04-11 14:49:01 with session user: nojan
Accessing post.php at 2025-04-11 14:49:10 with session user: nojan
Accessing post.php at 2025-04-11 14:51:56 with session user: nojan
Accessing post.php at 2025-04-11 14:52:06 with session user: nojan
Accessing post.php at 2025-04-11 14:52:12 with session user: nojan
Accessing post.php at 2025-04-11 14:52:19 with session user: nojan
Accessing post.php at 2025-04-11 14:52:26 with session user: nojan
Accessing post.php at 2025-04-11 14:52:30 with session user: nojan
Accessing post.php at 2025-04-11 14:52:35 with session user: nojan
Accessing post.php at 2025-04-11 14:52:40 with session user: nojan
Accessing post.php at 2025-04-11 14:52:45 with session user: nojan
Accessing post.php at 2025-04-11 14:52:50 with session user: nojan
Accessing post.php at 2025-04-11 14:52:54 with session user: nojan
Accessing post.php at 2025-04-11 14:52:58 with session user: nojan
Accessing post.php at 2025-04-11 14:53:02 with session user: nojan
Accessing post.php at 2025-04-11 14:53:15 with session user: nojan
Accessing post.php at 2025-04-11 14:54:02 with session user: nojan
Accessing post.php at 2025-04-11 14:54:21 with session user: nojan
Accessing post.php at 2025-04-11 15:16:59 with session user: nojan
Accessing post.php at 2025-04-11 15:17:27 with session user: nojan
Accessing post.php at 2025-04-11 17:22:19 with session user: nojan
Accessing post.php at 2025-04-11 17:26:38 with session user: nojan
Accessing post.php at 2025-04-11 17:26:43 with session user: nojan
Accessing post.php at 2025-04-11 17:26:54 with session user: nojan
Accessing post.php at 2025-04-11 17:27:02 with session user: nojan
Accessing post.php at 2025-04-11 17:27:07 with session user: nojan
Accessing post.php at 2025-04-11 17:27:10 with session user: nojan
Accessing post.php at 2025-04-11 17:27:20 with session user: nojan
Accessing post.php at 2025-04-11 17:27:24 with session user: nojan
Accessing post.php at 2025-04-11 17:27:30 with session user: nojan
Accessing post.php at 2025-04-11 17:27:34 with session user: nojan
Accessing post.php at 2025-04-11 17:28:37 with session user: nojan
Accessing post.php at 2025-04-11 17:31:32 with session user: nojan
Accessing post.php at 2025-04-11 17:31:43 with session user: nojan
Accessing post.php at 2025-04-11 17:31:55 with session user: nojan
Accessing post.php at 2025-04-11 17:36:13 with session user: nojan
Accessing post.php at 2025-04-11 17:57:39 with session user: nojan
Accessing post.php at 2025-04-11 17:58:08 with session user: nojan
Accessing post.php at 2025-04-11 17:58:50 with session user: nojan
Accessing post.php at 2025-04-11 21:32:04 with session user: nojan
Accessing post.php at 2025-04-11 21:34:46 with session user: nojan
Accessing post.php at 2025-04-11 21:34:58 with session user: nojan
Accessing post.php at 2025-04-11 21:35:02 with session user: nojan
Accessing post.php at 2025-04-11 21:35:20 with session user: nojan
Accessing post.php at 2025-04-11 21:44:36 with session user: nojan
Accessing post.php at 2025-04-11 21:46:05 with session user: nojan
Accessing post.php at 2025-04-11 21:50:36 with session user: nojan
Accessing post.php at 2025-04-11 21:57:10 with session user: nojan
Accessing post.php at 2025-04-11 22:00:27 with session user: nojan
Accessing post.php at 2025-04-11 22:00:27 with session user: nojan
Accessing post.php at 2025-04-11 22:00:27 with session user: nojan
Accessing post.php at 2025-04-11 22:00:27 with session user: nojan
Accessing post.php at 2025-04-11 22:02:58 with session user: nojan
Accessing post.php at 2025-04-11 22:03:26 with session user: nojan
Accessing post.php at 2025-04-11 22:04:29 with session user: nojan
Accessing post.php at 2025-04-11 22:06:33 with session user: nojan
Accessing post.php at 2025-04-11 22:07:26 with session user: nojan
Accessing post.php at 2025-04-11 22:09:05 with session user: nojan
Accessing post.php at 2025-04-11 22:10:21 with session user: nojan
Accessing post.php at 2025-04-11 22:10:26 with session user: nojan
Accessing post.php at 2025-04-11 22:12:01 with session user: nojan
Accessing post.php at 2025-04-11 22:12:55 with session user: nojan
Accessing post.php at 2025-04-11 22:12:56 with session user: nojan
Accessing post.php at 2025-04-11 22:12:57 with session user: nojan
Accessing post.php at 2025-04-11 22:12:57 with session user: nojan
Accessing post.php at 2025-04-11 22:13:19 with session user: nojan
Accessing post.php at 2025-04-11 22:13:36 with session user: nojan
Accessing post.php at 2025-04-11 22:14:01 with session user: nojan
Accessing post.php at 2025-04-11 22:14:16 with session user: kelvin
Accessing post.php at 2025-04-11 22:16:32 with session user: kelvin
Accessing post.php at 2025-04-11 22:16:48 with session user: kelvin
Accessing post.php at 2025-04-11 22:17:59 with session user: kelvin
Accessing post.php at 2025-04-11 22:18:05 with session user: kelvin
Accessing post.php at 2025-04-11 22:18:11 with session user: kelvin
Accessing post.php at 2025-04-11 22:18:15 with session user: kelvin
Accessing post.php at 2025-04-11 22:18:22 with session user: kelvin
Accessing post.php at 2025-04-11 22:18:28 with session user: kelvin
Accessing post.php at 2025-04-11 22:18:42 with session user: kelvin
Accessing post.php at 2025-04-11 22:19:27 with session user: kelvin
Accessing post.php at 2025-04-11 22:19:28 with session user: kelvin
Accessing post.php at 2025-04-11 22:19:51 with session user: kelvin
Accessing post.php at 2025-04-11 22:19:52 with session user: kelvin
Accessing post.php at 2025-04-11 22:19:52 with session user: kelvin
Accessing post.php at 2025-04-11 22:20:14 with session user: kelvin
Accessing post.php at 2025-04-11 22:20:40 with session user: kelvin
Accessing post.php at 2025-04-11 22:20:50 with session user: kelvin
Accessing post.php at 2025-04-11 22:20:54 with session user: kelvin
Accessing post.php at 2025-04-11 22:21:06 with session user: kelvin
Accessing post.php at 2025-04-11 22:21:11 with session user: kelvin
Accessing post.php at 2025-04-11 22:21:15 with session user: kelvin
Accessing post.php at 2025-04-12 08:33:03 with session user: nojan
Accessing post.php at 2025-04-12 08:33:20 with session user: nojan
Accessing post.php at 2025-04-12 08:41:16 with session user: nojan
Accessing post.php at 2025-04-12 08:41:25 with session user: nojan
Accessing post.php at 2025-04-12 08:41:52 with session user: nojan
Accessing post.php at 2025-04-12 08:42:01 with session user: nojan
Accessing post.php at 2025-04-12 08:42:07 with session user: nojan
Accessing post.php at 2025-04-12 08:42:46 with session user: nojan
Accessing post.php at 2025-04-12 08:43:15 with session user: nojan
Accessing post.php at 2025-04-12 08:43:46 with session user: nojan
Accessing post.php at 2025-04-12 08:43:57 with session user: nojan
Accessing post.php at 2025-04-12 08:44:11 with session user: nojan
Accessing post.php at 2025-04-12 08:44:21 with session user: nojan
Accessing post.php at 2025-04-12 08:44:38 with session user: nojan
Accessing post.php at 2025-04-12 08:45:39 with session user: nojan
Accessing post.php at 2025-04-12 08:45:45 with session user: nojan
Accessing post.php at 2025-04-12 08:45:51 with session user: nojan
Accessing post.php at 2025-04-12 08:46:00 with session user: nojan
Accessing post.php at 2025-04-12 08:46:11 with session user: nojan
Accessing post.php at 2025-04-12 08:46:20 with session user: nojan
Accessing post.php at 2025-04-12 08:46:25 with session user: nojan
Accessing post.php at 2025-04-12 08:46:44 with session user: nojan
Accessing post.php at 2025-04-12 08:46:48 with session user: nojan
Accessing post.php at 2025-04-12 08:46:51 with session user: nojan
Accessing post.php at 2025-04-12 08:46:58 with session user: nojan
Accessing post.php at 2025-04-12 08:47:01 with session user: nojan
Accessing post.php at 2025-04-12 08:47:27 with session user: nojan
Accessing post.php at 2025-04-12 08:47:36 with session user: nojan
Accessing post.php at 2025-04-12 08:47:39 with session user: nojan
Accessing post.php at 2025-04-12 08:47:44 with session user: nojan
Accessing post.php at 2025-04-12 08:47:50 with session user: nojan
Accessing post.php at 2025-04-12 08:47:55 with session user: nojan
Accessing post.php at 2025-04-12 08:48:01 with session user: nojan
Accessing post.php at 2025-04-12 08:48:11 with session user: nojan
Accessing post.php at 2025-04-12 08:48:19 with session user: nojan
Accessing post.php at 2025-04-12 08:48:23 with session user: nojan
Accessing post.php at 2025-04-12 08:48:28 with session user: nojan
Accessing post.php at 2025-04-12 08:48:32 with session user: nojan
Accessing post.php at 2025-04-12 08:48:38 with session user: nojan
Accessing post.php at 2025-04-12 08:48:51 with session user: nojan
Accessing post.php at 2025-04-12 08:48:59 with session user: nojan
Accessing post.php at 2025-04-12 08:49:04 with session user: nojan
Accessing post.php at 2025-04-12 08:49:13 with session user: nojan
Accessing post.php at 2025-04-12 08:49:22 with session user: nojan
Accessing post.php at 2025-04-12 08:49:26 with session user: nojan
Accessing post.php at 2025-04-12 08:50:10 with session user: nojan
Accessing post.php at 2025-04-12 08:50:37 with session user: nojan
Accessing post.php at 2025-04-12 08:50:58 with session user: nojan
Accessing post.php at 2025-04-12 08:52:44 with session user: nojan
Accessing post.php at 2025-04-12 08:53:02 with session user: nojan
Accessing post.php at 2025-04-12 08:53:05 with session user: nojan
Accessing post.php at 2025-04-12 08:54:00 with session user: nojan
Accessing post.php at 2025-04-12 08:56:01 with session user: nojan
Accessing post.php at 2025-04-12 08:56:05 with session user: nojan
Accessing post.php at 2025-04-12 08:56:47 with session user: nojan
Accessing post.php at 2025-04-12 08:57:06 with session user: nojan
Accessing post.php at 2025-04-12 08:57:57 with session user: nojan
Accessing post.php at 2025-04-12 08:58:33 with session user: nojan
Accessing post.php at 2025-04-12 08:58:38 with session user: nojan
Accessing post.php at 2025-04-12 08:59:13 with session user: nojan
Accessing post.php at 2025-04-12 08:59:20 with session user: nojan
Accessing post.php at 2025-04-12 08:59:49 with session user: nojan
Accessing post.php at 2025-04-12 09:00:03 with session user: nojan
Accessing post.php at 2025-04-12 09:00:07 with session user: nojan
Accessing post.php at 2025-04-12 09:00:12 with session user: nojan
Accessing post.php at 2025-04-12 09:00:14 with session user: nojan
Accessing post.php at 2025-04-12 09:00:20 with session user: nojan
Accessing post.php at 2025-04-12 09:00:26 with session user: nojan
Accessing post.php at 2025-04-12 09:00:30 with session user: nojan
Accessing post.php at 2025-04-12 09:02:17 with session user: nojan
Accessing post.php at 2025-04-12 09:03:17 with session user: nojan
Accessing post.php at 2025-04-12 09:05:15 with session user: nojan
Accessing post.php at 2025-04-12 09:07:53 with session user: nojan
Accessing post.php at 2025-04-12 09:08:11 with session user: nojan
Accessing post.php at 2025-04-12 09:08:50 with session user: nojan
Accessing post.php at 2025-04-12 09:10:01 with session user: nojan
Accessing post.php at 2025-04-12 09:10:06 with session user: nojan
Accessing post.php at 2025-04-12 09:10:12 with session user: nojan
Accessing post.php at 2025-04-12 09:10:18 with session user: nojan
Accessing post.php at 2025-04-12 09:10:25 with session user: nojan
Accessing post.php at 2025-04-12 09:10:33 with session user: nojan
Accessing post.php at 2025-04-12 09:10:42 with session user: nojan
Accessing post.php at 2025-04-12 09:10:58 with session user: nojan
Accessing post.php at 2025-04-12 09:11:05 with session user: nojan
Accessing post.php at 2025-04-12 09:11:10 with session user: nojan
Accessing post.php at 2025-04-12 09:12:18 with session user: nojan
Accessing post.php at 2025-04-12 09:13:45 with session user: nojan
Accessing post.php at 2025-04-12 09:13:47 with session user: nojan
Accessing post.php at 2025-04-12 09:13:52 with session user: nojan
Accessing post.php at 2025-04-12 09:15:15 with session user: nojan
Accessing post.php at 2025-04-12 09:15:33 with session user: nojan
Accessing post.php at 2025-04-12 09:16:13 with session user: nojan
Accessing post.php at 2025-04-12 09:16:15 with session user: nojan
Accessing post.php at 2025-04-12 09:17:12 with session user: nojan
Accessing post.php at 2025-04-12 09:19:32 with session user: nojan
Accessing post.php at 2025-04-12 09:19:44 with session user: nojan
Accessing post.php at 2025-04-12 09:22:34 with session user: nojan
Accessing post.php at 2025-04-12 09:24:34 with session user: nojan
Accessing post.php at 2025-04-12 09:24:48 with session user: nojan
Accessing post.php at 2025-04-12 09:25:14 with session user: nojan
Accessing post.php at 2025-04-12 09:26:20 with session user: nojan
Accessing post.php at 2025-04-12 09:26:38 with session user: nojan
Accessing post.php at 2025-04-12 09:26:43 with session user: nojan
Accessing post.php at 2025-04-12 09:26:46 with session user: nojan
Accessing post.php at 2025-04-12 09:28:11 with session user: nojan
